1671077214499	geckodriver	INFO	Listening on 127.0.0.1:55919
1671077217669	mozrunner::runner	INFO	Running command: "C:\\Program Files\\Mozilla Firefox\\firefox.exe" "--marionette" "--remote-debugging-port" "55920" "-no-remote" "-profile" "C:\\Users\\arian\\AppData\\Local\\Temp\\rust_mozprofilepW7nab"
1671077219167	Marionette	INFO	Marionette enabled
1671077219185	Marionette	INFO	Listening on port 55930
WebDriver BiDi listening on ws://127.0.0.1:55920
1671077219611	RemoteAgent	WARN	TLS certificate errors will be ignored for this session
console.warn: SearchSettings: "get: No settings file exists, new profile?" (new NotFoundError("Could not open the file at C:\\Users\\arian\\AppData\\Local\\Temp\\rust_mozprofilepW7nab\\search.json.mozlz4", (void 0)))
DevTools listening on ws://127.0.0.1:55920/devtools/browser/933b0351-ce4c-4068-afe7-90e5c16229e3
console.warn: LoginRecipes: "Falling back to a synchronous message for: https://demo.spreecommerce.org."
console.warn: LoginRecipes: "Falling back to a synchronous message for: https://demo.spreecommerce.org."
console.error: (new TypeError("currentNode is null", "resource://devtools/client/inspector/shared/style-change-tracker.js", 66))
TypeError: currentNode is null: canMutationImpactCurrentStyles@resource://devtools/client/inspector/shared/style-change-tracker.js:66:20
onMutations@resource://devtools/client/inspector/shared/style-change-tracker.js:84:41
_emit@resource://devtools/shared/event-emitter.js:242:32
emit@resource://devtools/shared/event-emitter.js:186:18
emit@resource://devtools/shared/event-emitter.js:330:18
getMutations@resource://devtools/client/fronts/walker.js:313:10

console.error: "Unable to find target with innerWindowId:4294967298"
console.error: "Unable to find target with innerWindowId:4294967298"
console.error: "Unable to find target with innerWindowId:4294967300"
console.error: "Unable to find target with innerWindowId:4294967300"
